<?xml version="1.0" encoding="UTF-8"?>
<testsuite name="Event Engine API.Event Engine API Calls" tests="1" failures="0" errors="0" time="1.72"><properties><property name="java.runtime.name" value="Java(TM) SE Runtime Environment"/><property name="sun.boot.library.path" value="/Library/Java/JavaVirtualMachines/jdk1.8.0_121.jdk/Contents/Home/jre/lib"/><property name="java.vm.version" value="25.121-b13"/><property name="gopherProxySet" value="false"/><property name="java.vm.vendor" value="Oracle Corporation"/><property name="java.vendor.url" value="http://java.oracle.com/"/><property name="path.separator" value=":"/><property name="java.vm.name" value="Java HotSpot(TM) 64-Bit Server VM"/><property name="file.encoding.pkg" value="sun.io"/><property name="user.country" value="US"/><property name="sun.java.launcher" value="SUN_STANDARD"/><property name="sun.os.patch.level" value="unknown"/><property name="java.vm.specification.name" value="Java Virtual Machine Specification"/><property name="user.dir" value="/Users/rasulm/git/EventEngineAutomatedTesting"/><property name="java.runtime.version" value="1.8.0_121-b13"/><property name="java.awt.graphicsenv" value="sun.awt.CGraphicsEnvironment"/><property name="java.endorsed.dirs" value="/Library/Java/JavaVirtualMachines/jdk1.8.0_121.jdk/Contents/Home/jre/lib/endorsed"/><property name="os.arch" value="x86_64"/><property name="java.io.tmpdir" value="/var/folders/yg/kcg_3qhs3172474895phrgg4qr2ryx/T/"/><property name="line.separator" value="
"/><property name="java.vm.specification.vendor" value="Oracle Corporation"/><property name="os.name" value="Mac OS X"/><property name="sun.jnu.encoding" value="UTF-8"/><property name="java.library.path" value="/Users/rasulm/Library/Java/Extensions:/Library/Java/Extensions:/Network/Library/Java/Extensions:/System/Library/Java/Extensions:/usr/lib/java:."/><property name="sun.awt.enableExtraMouseButtons" value="true"/><property name="java.specification.name" value="Java Platform API Specification"/><property name="java.class.version" value="52.0"/><property name="sun.management.compiler" value="HotSpot 64-Bit Tiered Compilers"/><property name="os.version" value="10.12.4"/><property name="http.nonProxyHosts" value="local|*.local|169.254/16|*.169.254/16"/><property name="user.home" value="/Users/rasulm"/><property name="user.timezone" value="America/New_York"/><property name="java.awt.printerjob" value="sun.lwawt.macosx.CPrinterJob"/><property name="file.encoding" value="UTF-8"/><property name="java.specification.version" value="1.8"/><property name="java.class.path" value="/Users/rasulm/.p2/pool/plugins/org.testng.eclipse_6.11.0.201703011520/lib/testng-remote.jar:/Users/rasulm/git/EventEngineAutomatedTesting/target/test-classes:/Users/rasulm/git/EventEngineAutomatedTesting/target/classes:/Users/rasulm/.m2/repository/javax/mail/mail/1.4/mail-1.4.jar:/Users/rasulm/.m2/repository/javax/activation/activation/1.1/activation-1.1.jar:/Users/rasulm/.m2/repository/javax/xml/bind/jaxb-api/2.2.2/jaxb-api-2.2.2.jar:/Users/rasulm/.m2/repository/javax/xml/stream/stax-api/1.0-2/stax-api-1.0-2.jar:/Users/rasulm/.m2/repository/javax/mail/mailapi/1.4.3/mailapi-1.4.3.jar:/Users/rasulm/.m2/repository/javax/media/jai/com.springsource.javax.media.jai.core/1.1.3/com.springsource.javax.media.jai.core-1.1.3.jar:/Users/rasulm/.m2/repository/javax/media/jai/com.springsource.javax.media.jai.codec/1.1.3/com.springsource.javax.media.jai.codec-1.1.3.jar:/Users/rasulm/.m2/repository/javax/media/jmf/2.1.1e/jmf-2.1.1e.jar:/Users/rasulm/.m2/repository/com/qaprosoft/carina-core/3.4.0.26/carina-core-3.4.0.26.jar:/Users/rasulm/.m2/repository/org/testng/testng/6.8.8/testng-6.8.8.jar:/Users/rasulm/.m2/repository/org/beanshell/bsh/2.0b4/bsh-2.0b4.jar:/Users/rasulm/.m2/repository/com/beust/jcommander/1.27/jcommander-1.27.jar:/Users/rasulm/.m2/repository/org/mockito/mockito-core/1.9.0/mockito-core-1.9.0.jar:/Users/rasulm/.m2/repository/org/objenesis/objenesis/1.0/objenesis-1.0.jar:/Users/rasulm/.m2/repository/org/hamcrest/hamcrest-core/1.3/hamcrest-core-1.3.jar:/Users/rasulm/.m2/repository/org/hamcrest/hamcrest-library/1.3/hamcrest-library-1.3.jar:/Users/rasulm/.m2/repository/junit/junit/4.11/junit-4.11.jar:/Users/rasulm/.m2/repository/com/jayway/restassured/rest-assured/2.7.0/rest-assured-2.7.0.jar:/Users/rasulm/.m2/repository/org/codehaus/groovy/groovy/2.4.4/groovy-2.4.4.jar:/Users/rasulm/.m2/repository/org/codehaus/groovy/groovy-xml/2.4.4/groovy-xml-2.4.4.jar:/Users/rasulm/.m2/repository/org/apache/httpcomponents/httpclient/4.4/httpclient-4.4.jar:/Users/rasulm/.m2/repository/org/apache/httpcomponents/httpcore/4.4/httpcore-4.4.jar:/Users/rasulm/.m2/repository/commons-logging/commons-logging/1.2/commons-logging-1.2.jar:/Users/rasulm/.m2/repository/commons-codec/commons-codec/1.9/commons-codec-1.9.jar:/Users/rasulm/.m2/repository/org/apache/httpcomponents/httpmime/4.5.1/httpmime-4.5.1.jar:/Users/rasulm/.m2/repository/org/ccil/cowan/tagsoup/tagsoup/1.2.1/tagsoup-1.2.1.jar:/Users/rasulm/.m2/repository/com/jayway/restassured/json-path/2.7.0/json-path-2.7.0.jar:/Users/rasulm/.m2/repository/org/codehaus/groovy/groovy-json/2.4.4/groovy-json-2.4.4.jar:/Users/rasulm/.m2/repository/com/jayway/restassured/rest-assured-common/2.7.0/rest-assured-common-2.7.0.jar:/Users/rasulm/.m2/repository/org/apache/commons/commons-lang3/3.4/commons-lang3-3.4.jar:/Users/rasulm/.m2/repository/com/jayway/restassured/xml-path/2.7.0/xml-path-2.7.0.jar:/Users/rasulm/.m2/repository/org/seleniumhq/selenium/selenium-java/2.53.1/selenium-java-2.53.1.jar:/Users/rasulm/.m2/repository/org/seleniumhq/selenium/selenium-chrome-driver/2.53.1/selenium-chrome-driver-2.53.1.jar:/Users/rasulm/.m2/repository/org/seleniumhq/selenium/selenium-remote-driver/2.53.1/selenium-remote-driver-2.53.1.jar:/Users/rasulm/.m2/repository/cglib/cglib-nodep/2.1_3/cglib-nodep-2.1_3.jar:/Users/rasulm/.m2/repository/com/google/code/gson/gson/2.2.2/gson-2.2.2.jar:/Users/rasulm/.m2/repository/org/seleniumhq/selenium/selenium-api/2.53.1/selenium-api-2.53.1.jar:/Users/rasulm/.m2/repository/com/google/guava/guava/18.0/guava-18.0.jar:/Users/rasulm/.m2/repository/org/apache/commons/commons-exec/1.3/commons-exec-1.3.jar:/Users/rasulm/.m2/repository/net/java/dev/jna/jna/4.1.0/jna-4.1.0.jar:/Users/rasulm/.m2/repository/net/java/dev/jna/jna-platform/4.1.0/jna-platform-4.1.0.jar:/Users/rasulm/.m2/repository/org/seleniumhq/selenium/selenium-edge-driver/2.53.1/selenium-edge-driver-2.53.1.jar:/Users/rasulm/.m2/repository/commons-io/commons-io/2.5/commons-io-2.5.jar:/Users/rasulm/.m2/repository/org/seleniumhq/selenium/htmlunit-driver/2.21/htmlunit-driver-2.21.jar:/Users/rasulm/.m2/repository/net/sourceforge/htmlunit/htmlunit/2.21/htmlunit-2.21.jar:/Users/rasulm/.m2/repository/xalan/xalan/2.7.2/xalan-2.7.2.jar:/Users/rasulm/.m2/repository/xalan/serializer/2.7.2/serializer-2.7.2.jar:/Users/rasulm/.m2/repository/net/sourceforge/htmlunit/htmlunit-core-js/2.17/htmlunit-core-js-2.17.jar:/Users/rasulm/.m2/repository/net/sourceforge/htmlunit/neko-htmlunit/2.21/neko-htmlunit-2.21.jar:/Users/rasulm/.m2/repository/xerces/xercesImpl/2.11.0/xercesImpl-2.11.0.jar:/Users/rasulm/.m2/repository/xml-apis/xml-apis/1.4.01/xml-apis-1.4.01.jar:/Users/rasulm/.m2/repository/net/sourceforge/cssparser/cssparser/0.9.18/cssparser-0.9.18.jar:/Users/rasulm/.m2/repository/org/w3c/css/sac/1.3/sac-1.3.jar:/Users/rasulm/.m2/repository/org/eclipse/jetty/websocket/websocket-client/9.2.15.v20160210/websocket-client-9.2.15.v20160210.jar:/Users/rasulm/.m2/repository/org/eclipse/jetty/jetty-util/9.2.15.v20160210/jetty-util-9.2.15.v20160210.jar:/Users/rasulm/.m2/repository/org/eclipse/jetty/jetty-io/9.2.15.v20160210/jetty-io-9.2.15.v20160210.jar:/Users/rasulm/.m2/repository/org/eclipse/jetty/websocket/websocket-common/9.2.15.v20160210/websocket-common-9.2.15.v20160210.jar:/Users/rasulm/.m2/repository/org/eclipse/jetty/websocket/websocket-api/9.2.15.v20160210/websocket-api-9.2.15.v20160210.jar:/Users/rasulm/.m2/repository/commons-collections/commons-collections/3.2.2/commons-collections-3.2.2.jar:/Users/rasulm/.m2/repository/org/seleniumhq/selenium/selenium-firefox-driver/2.53.1/selenium-firefox-driver-2.53.1.jar:/Users/rasulm/.m2/repository/org/seleniumhq/selenium/selenium-ie-driver/2.53.1/selenium-ie-driver-2.53.1.jar:/Users/rasulm/.m2/repository/org/seleniumhq/selenium/selenium-safari-driver/2.53.1/selenium-safari-driver-2.53.1.jar:/Users/rasulm/.m2/repository/io/netty/netty/3.5.7.Final/netty-3.5.7.Final.jar:/Users/rasulm/.m2/repository/org/seleniumhq/selenium/selenium-support/2.53.1/selenium-support-2.53.1.jar:/Users/rasulm/.m2/repository/org/seleniumhq/selenium/selenium-leg-rc/2.53.1/selenium-leg-rc-2.53.1.jar:/Users/rasulm/.m2/repository/log4j/log4j/1.2.17/log4j-1.2.17.jar:/Users/rasulm/.m2/repository/ch/qos/logback/logback-classic/1.0.6/logback-classic-1.0.6.jar:/Users/rasulm/.m2/repository/ch/qos/logback/logback-core/1.0.6/logback-core-1.0.6.jar:/Users/rasulm/.m2/repository/org/slf4j/slf4j-api/1.6.5/slf4j-api-1.6.5.jar:/Users/rasulm/.m2/repository/com/googlecode/jinahya/ocap-api/1.2/ocap-api-1.2.jar:/Users/rasulm/.m2/repository/com/jayway/jsonpath/json-path/0.8.1/json-path-0.8.1.jar:/Users/rasulm/.m2/repository/net/minidev/json-smart/1.1.1/json-smart-1.1.1.jar:/Users/rasulm/.m2/repository/commons-lang/commons-lang/2.6/commons-lang-2.6.jar:/Users/rasulm/.m2/repository/com/jayway/jsonpath/json-path-assert/0.8.1/json-path-assert-0.8.1.jar:/Users/rasulm/.m2/repository/commons-httpclient/commons-httpclient/3.1/commons-httpclient-3.1.jar:/Users/rasulm/.m2/repository/commons-beanutils/commons-beanutils/1.8.3/commons-beanutils-1.8.3.jar:/Users/rasulm/.m2/repository/ca/juliusdavies/not-yet-commons-ssl/0.3.11/not-yet-commons-ssl-0.3.11.jar:/Users/rasulm/.m2/repository/wsdl4j/wsdl4j/1.6.2/wsdl4j-1.6.2.jar:/Users/rasulm/.m2/repository/org/mybatis/mybatis/3.1.1/mybatis-3.1.1.jar:/Users/rasulm/.m2/repository/net/sourceforge/jtds/jtds/1.2.4/jtds-1.2.4.jar:/Users/rasulm/.m2/repository/mysql/mysql-connector-java/5.1.21/mysql-connector-java-5.1.21.jar:/Users/rasulm/.m2/repository/org/mongodb/mongo-java-driver/2.11.3/mongo-java-driver-2.11.3.jar:/Users/rasulm/.m2/repository/jfree/jcommon/1.0.15/jcommon-1.0.15.jar:/Users/rasulm/.m2/repository/org/imgscalr/imgscalr-lib/4.2/imgscalr-lib-4.2.jar:/Users/rasulm/.m2/repository/org/apache/poi/poi/3.11-beta3/poi-3.11-beta3.jar:/Users/rasulm/.m2/repository/org/apache/poi/poi-ooxml/3.11-beta3/poi-ooxml-3.11-beta3.jar:/Users/rasulm/.m2/repository/org/apache/poi/poi-ooxml-schemas/3.11-beta3/poi-ooxml-schemas-3.11-beta3.jar:/Users/rasulm/.m2/repository/org/apache/xmlbeans/xmlbeans/2.4.0/xmlbeans-2.4.0.jar:/Users/rasulm/.m2/repository/stax/stax-api/1.0.1/stax-api-1.0.1.jar:/Users/rasulm/.m2/repository/commons-cli/commons-cli/1.2/commons-cli-1.2.jar:/Users/rasulm/.m2/repository/org/bouncycastle/bcprov-jdk16/1.45/bcprov-jdk16-1.45.jar:/Users/rasulm/.m2/repository/org/codehaus/jackson/jackson-mapper-asl/1.9.11/jackson-mapper-asl-1.9.11.jar:/Users/rasulm/.m2/repository/org/codehaus/jackson/jackson-core-asl/1.9.11/jackson-core-asl-1.9.11.jar:/Users/rasulm/.m2/repository/net/rcarz/jira-client/0.5/jira-client-0.5.jar:/Users/rasulm/.m2/repository/net/sf/json-lib/json-lib/2.4/json-lib-2.4-jdk15.jar:/Users/rasulm/.m2/repository/net/sf/ezmorph/ezmorph/1.0.6/ezmorph-1.0.6.jar:/Users/rasulm/.m2/repository/joda-time/joda-time/2.3/joda-time-2.3.jar:/Users/rasulm/.m2/repository/org/mockito/mockito-all/1.9.0/mockito-all-1.9.0.jar:/Users/rasulm/.m2/repository/com/qaprosoft/zafira-client/1.7.7/zafira-client-1.7.7.jar:/Users/rasulm/.m2/repository/com/sun/jersey/jersey-client/1.18.2/jersey-client-1.18.2.jar:/Users/rasulm/.m2/repository/com/sun/jersey/jersey-core/1.18.2/jersey-core-1.18.2.jar:/Users/rasulm/.m2/repository/com/sun/jersey/jersey-json/1.18.2/jersey-json-1.18.2.jar:/Users/rasulm/.m2/repository/org/codehaus/jettison/jettison/1.1/jettison-1.1.jar:/Users/rasulm/.m2/repository/com/sun/xml/bind/jaxb-impl/2.2.3-1/jaxb-impl-2.2.3-1.jar:/Users/rasulm/.m2/repository/org/codehaus/jackson/jackson-jaxrs/1.9.2/jackson-jaxrs-1.9.2.jar:/Users/rasulm/.m2/repository/org/codehaus/jackson/jackson-xc/1.9.2/jackson-xc-1.9.2.jar:/Users/rasulm/.m2/repository/com/owlike/genson/0.99/genson-0.99.jar:/Users/rasulm/.m2/repository/org/apache/pdfbox/pdfbox/1.8.7/pdfbox-1.8.7.jar:/Users/rasulm/.m2/repository/org/apache/pdfbox/fontbox/1.8.7/fontbox-1.8.7.jar:/Users/rasulm/.m2/repository/org/apache/pdfbox/jempbox/1.8.7/jempbox-1.8.7.jar:/Users/rasulm/.m2/repository/com/googlecode/json-simple/json-simple/1.1/json-simple-1.1.jar:/Users/rasulm/.m2/repository/org/reflections/reflections/0.9.9-RC1/reflections-0.9.9-RC1.jar:/Users/rasulm/.m2/repository/org/javassist/javassist/3.16.1-GA/javassist-3.16.1-GA.jar:/Users/rasulm/.m2/repository/net/sf/opencsv/opencsv/1.7/opencsv-1.7.jar:/Users/rasulm/.m2/repository/io/appium/java-client/3.2.0/java-client-3.2.0.jar:/Users/rasulm/.m2/repository/cglib/cglib/3.1/cglib-3.1.jar:/Users/rasulm/.m2/repository/org/ow2/asm/asm/4.2/asm-4.2.jar:/Users/rasulm/.m2/repository/commons-validator/commons-validator/1.4.1/commons-validator-1.4.1.jar:/Users/rasulm/.m2/repository/commons-digester/commons-digester/1.8.1/commons-digester-1.8.1.jar:/Users/rasulm/.m2/repository/com/qaprosoft/amazon/aws-s3-manager/1.2.3/aws-s3-manager-1.2.3.jar:/Users/rasulm/.m2/repository/com/amazonaws/aws-java-sdk/1.10.30/aws-java-sdk-1.10.30.jar:/Users/rasulm/.m2/repository/com/amazonaws/aws-java-sdk-support/1.10.30/aws-java-sdk-support-1.10.30.jar:/Users/rasulm/.m2/repository/com/amazonaws/aws-java-sdk-core/1.10.30/aws-java-sdk-core-1.10.30.jar:/Users/rasulm/.m2/repository/com/fasterxml/jackson/core/jackson-databind/2.8.0/jackson-databind-2.8.0.jar:/Users/rasulm/.m2/repository/com/fasterxml/jackson/core/jackson-annotations/2.8.0/jackson-annotations-2.8.0.jar:/Users/rasulm/.m2/repository/com/fasterxml/jackson/core/jackson-core/2.8.0/jackson-core-2.8.0.jar:/Users/rasulm/.m2/repository/com/amazonaws/aws-java-sdk-simpledb/1.10.30/aws-java-sdk-simpledb-1.10.30.jar:/Users/rasulm/.m2/repository/com/amazonaws/aws-java-sdk-simpleworkflow/1.10.30/aws-java-sdk-simpleworkflow-1.10.30.jar:/Users/rasulm/.m2/repository/com/amazonaws/aws-java-sdk-storagegateway/1.10.30/aws-java-sdk-storagegateway-1.10.30.jar:/Users/rasulm/.m2/repository/com/amazonaws/aws-java-sdk-route53/1.10.30/aws-java-sdk-route53-1.10.30.jar:/Users/rasulm/.m2/repository/com/amazonaws/aws-java-sdk-s3/1.10.30/aws-java-sdk-s3-1.10.30.jar:/Users/rasulm/.m2/repository/com/amazonaws/aws-java-sdk-kms/1.10.30/aws-java-sdk-kms-1.10.30.jar:/Users/rasulm/.m2/repository/com/amazonaws/aws-java-sdk-importexport/1.10.30/aws-java-sdk-importexport-1.10.30.jar:/Users/rasulm/.m2/repository/com/amazonaws/aws-java-sdk-sts/1.10.30/aws-java-sdk-sts-1.10.30.jar:/Users/rasulm/.m2/repository/com/amazonaws/aws-java-sdk-sqs/1.10.30/aws-java-sdk-sqs-1.10.30.jar:/Users/rasulm/.m2/repository/com/amazonaws/aws-java-sdk-rds/1.10.30/aws-java-sdk-rds-1.10.30.jar:/Users/rasulm/.m2/repository/com/amazonaws/aws-java-sdk-redshift/1.10.30/aws-java-sdk-redshift-1.10.30.jar:/Users/rasulm/.m2/repository/com/amazonaws/aws-java-sdk-elasticbeanstalk/1.10.30/aws-java-sdk-elasticbeanstalk-1.10.30.jar:/Users/rasulm/.m2/repository/com/amazonaws/aws-java-sdk-glacier/1.10.30/aws-java-sdk-glacier-1.10.30.jar:/Users/rasulm/.m2/repository/com/amazonaws/aws-java-sdk-sns/1.10.30/aws-java-sdk-sns-1.10.30.jar:/Users/rasulm/.m2/repository/com/amazonaws/aws-java-sdk-iam/1.10.30/aws-java-sdk-iam-1.10.30.jar:/Users/rasulm/.m2/repository/com/amazonaws/aws-java-sdk-datapipeline/1.10.30/aws-java-sdk-datapipeline-1.10.30.jar:/Users/rasulm/.m2/repository/com/amazonaws/aws-java-sdk-elasticloadbalancing/1.10.30/aws-java-sdk-elasticloadbalancing-1.10.30.jar:/Users/rasulm/.m2/repository/com/amazonaws/aws-java-sdk-emr/1.10.30/aws-java-sdk-emr-1.10.30.jar:/Users/rasulm/.m2/repository/com/amazonaws/aws-java-sdk-elasticache/1.10.30/aws-java-sdk-elasticache-1.10.30.jar:/Users/rasulm/.m2/repository/com/amazonaws/aws-java-sdk-elastictranscoder/1.10.30/aws-java-sdk-elastictranscoder-1.10.30.jar:/Users/rasulm/.m2/repository/com/amazonaws/aws-java-sdk-ec2/1.10.30/aws-java-sdk-ec2-1.10.30.jar:/Users/rasulm/.m2/repository/com/amazonaws/aws-java-sdk-dynamodb/1.10.30/aws-java-sdk-dynamodb-1.10.30.jar:/Users/rasulm/.m2/repository/com/amazonaws/aws-java-sdk-cloudtrail/1.10.30/aws-java-sdk-cloudtrail-1.10.30.jar:/Users/rasulm/.m2/repository/com/amazonaws/aws-java-sdk-cloudwatch/1.10.30/aws-java-sdk-cloudwatch-1.10.30.jar:/Users/rasulm/.m2/repository/com/amazonaws/aws-java-sdk-logs/1.10.30/aws-java-sdk-logs-1.10.30.jar:/Users/rasulm/.m2/repository/com/amazonaws/aws-java-sdk-cognitoidentity/1.10.30/aws-java-sdk-cognitoidentity-1.10.30.jar:/Users/rasulm/.m2/repository/com/amazonaws/aws-java-sdk-cognitosync/1.10.30/aws-java-sdk-cognitosync-1.10.30.jar:/Users/rasulm/.m2/repository/com/amazonaws/aws-java-sdk-directconnect/1.10.30/aws-java-sdk-directconnect-1.10.30.jar:/Users/rasulm/.m2/repository/com/amazonaws/aws-java-sdk-cloudformation/1.10.30/aws-java-sdk-cloudformation-1.10.30.jar:/Users/rasulm/.m2/repository/com/amazonaws/aws-java-sdk-cloudfront/1.10.30/aws-java-sdk-cloudfront-1.10.30.jar:/Users/rasulm/.m2/repository/com/amazonaws/aws-java-sdk-kinesis/1.10.30/aws-java-sdk-kinesis-1.10.30.jar:/Users/rasulm/.m2/repository/com/amazonaws/aws-java-sdk-opsworks/1.10.30/aws-java-sdk-opsworks-1.10.30.jar:/Users/rasulm/.m2/repository/com/amazonaws/aws-java-sdk-ses/1.10.30/aws-java-sdk-ses-1.10.30.jar:/Users/rasulm/.m2/repository/com/amazonaws/aws-java-sdk-autoscaling/1.10.30/aws-java-sdk-autoscaling-1.10.30.jar:/Users/rasulm/.m2/repository/com/amazonaws/aws-java-sdk-cloudsearch/1.10.30/aws-java-sdk-cloudsearch-1.10.30.jar:/Users/rasulm/.m2/repository/com/amazonaws/aws-java-sdk-cloudwatchmetrics/1.10.30/aws-java-sdk-cloudwatchmetrics-1.10.30.jar:/Users/rasulm/.m2/repository/com/amazonaws/aws-java-sdk-swf-libraries/1.10.30/aws-java-sdk-swf-libraries-1.10.30.jar:/Users/rasulm/.m2/repository/com/amazonaws/aws-java-sdk-codedeploy/1.10.30/aws-java-sdk-codedeploy-1.10.30.jar:/Users/rasulm/.m2/repository/com/amazonaws/aws-java-sdk-codepipeline/1.10.30/aws-java-sdk-codepipeline-1.10.30.jar:/Users/rasulm/.m2/repository/com/amazonaws/aws-java-sdk-config/1.10.30/aws-java-sdk-config-1.10.30.jar:/Users/rasulm/.m2/repository/com/amazonaws/aws-java-sdk-lambda/1.10.30/aws-java-sdk-lambda-1.10.30.jar:/Users/rasulm/.m2/repository/com/amazonaws/aws-java-sdk-ecs/1.10.30/aws-java-sdk-ecs-1.10.30.jar:/Users/rasulm/.m2/repository/com/amazonaws/aws-java-sdk-cloudhsm/1.10.30/aws-java-sdk-cloudhsm-1.10.30.jar:/Users/rasulm/.m2/repository/com/amazonaws/aws-java-sdk-ssm/1.10.30/aws-java-sdk-ssm-1.10.30.jar:/Users/rasulm/.m2/repository/com/amazonaws/aws-java-sdk-workspaces/1.10.30/aws-java-sdk-workspaces-1.10.30.jar:/Users/rasulm/.m2/repository/com/amazonaws/aws-java-sdk-machinelearning/1.10.30/aws-java-sdk-machinelearning-1.10.30.jar:/Users/rasulm/.m2/repository/com/amazonaws/aws-java-sdk-directory/1.10.30/aws-java-sdk-directory-1.10.30.jar:/Users/rasulm/.m2/repository/com/amazonaws/aws-java-sdk-efs/1.10.30/aws-java-sdk-efs-1.10.30.jar:/Users/rasulm/.m2/repository/com/amazonaws/aws-java-sdk-codecommit/1.10.30/aws-java-sdk-codecommit-1.10.30.jar:/Users/rasulm/.m2/repository/com/amazonaws/aws-java-sdk-devicefarm/1.10.30/aws-java-sdk-devicefarm-1.10.30.jar:/Users/rasulm/.m2/repository/com/amazonaws/aws-java-sdk-elasticsearch/1.10.30/aws-java-sdk-elasticsearch-1.10.30.jar:/Users/rasulm/.m2/repository/com/amazonaws/aws-java-sdk-waf/1.10.30/aws-java-sdk-waf-1.10.30.jar:/Users/rasulm/.m2/repository/com/amazonaws/aws-java-sdk-marketplacecommerceanalytics/1.10.30/aws-java-sdk-marketplacecommerceanalytics-1.10.30.jar:/Users/rasulm/.m2/repository/com/amazonaws/aws-java-sdk-inspector/1.10.30/aws-java-sdk-inspector-1.10.30.jar:/Users/rasulm/.m2/repository/com/amazonaws/aws-java-sdk-iot/1.10.30/aws-java-sdk-iot-1.10.30.jar:/Users/rasulm/.m2/repository/com/amazonaws/aws-java-sdk-api-gateway/1.10.30/aws-java-sdk-api-gateway-1.10.30.jar:/Users/rasulm/.m2/repository/com/qaprosoft/api-tools/1.0.8/api-tools-1.0.8.jar:/Users/rasulm/.m2/repository/org/freemarker/freemarker/2.3.14/freemarker-2.3.14.jar:/Users/rasulm/.m2/repository/commons-configuration/commons-configuration/1.7/commons-configuration-1.7.jar:/Users/rasulm/.m2/repository/org/skyscreamer/jsonassert/1.2.3/jsonassert-1.2.3.jar:/Users/rasulm/.m2/repository/org/json/json/20090211/json-20090211.jar:/Users/rasulm/.m2/repository/com/github/fge/json-schema-validator/2.2.6/json-schema-validator-2.2.6.jar:/Users/rasulm/.m2/repository/com/google/code/findbugs/jsr305/3.0.0/jsr305-3.0.0.jar:/Users/rasulm/.m2/repository/com/googlecode/libphonenumber/libphonenumber/6.2/libphonenumber-6.2.jar:/Users/rasulm/.m2/repository/com/github/fge/json-schema-core/1.2.5/json-schema-core-1.2.5.jar:/Users/rasulm/.m2/repository/com/github/fge/uri-template/0.9/uri-template-0.9.jar:/Users/rasulm/.m2/repository/com/github/fge/msg-simple/1.1/msg-simple-1.1.jar:/Users/rasulm/.m2/repository/com/github/fge/btf/1.2/btf-1.2.jar:/Users/rasulm/.m2/repository/com/github/fge/jackson-coreutils/1.8/jackson-coreutils-1.8.jar:/Users/rasulm/.m2/repository/org/mozilla/rhino/1.7R4/rhino-1.7R4.jar:/Users/rasulm/.m2/repository/net/sf/jopt-simple/jopt-simple/4.6/jopt-simple-4.6.jar:/Users/rasulm/.m2/repository/com/pojosontheweb/monte-repack/1.0/monte-repack-1.0.jar:/Users/rasulm/.m2/repository/info/cukes/cucumber-testng/1.2.4/cucumber-testng-1.2.4.jar:/Users/rasulm/.m2/repository/info/cukes/cucumber-core/1.2.4/cucumber-core-1.2.4.jar:/Users/rasulm/.m2/repository/info/cukes/cucumber-html/0.2.3/cucumber-html-0.2.3.jar:/Users/rasulm/.m2/repository/info/cukes/cucumber-jvm-deps/1.0.5/cucumber-jvm-deps-1.0.5.jar:/Users/rasulm/.m2/repository/info/cukes/gherkin/2.12.2/gherkin-2.12.2.jar:/Users/rasulm/.m2/repository/info/cukes/cucumber-java/1.2.4/cucumber-java-1.2.4.jar:/Users/rasulm/.m2/repository/net/masterthought/cucumber-reporting/2.6.3/cucumber-reporting-2.6.3.jar:/Users/rasulm/.m2/repository/org/apache/logging/log4j/log4j-api/2.6.2/log4j-api-2.6.2.jar:/Users/rasulm/.m2/repository/org/apache/logging/log4j/log4j-core/2.6.2/log4j-core-2.6.2.jar:/Users/rasulm/.m2/repository/org/apache/velocity/velocity/1.7/velocity-1.7.jar:/Users/rasulm/.m2/repository/velocity-tools/velocity-tools/1.4/velocity-tools-1.4.jar:/Users/rasulm/.m2/repository/net/lingala/zip4j/zip4j/1.3.2/zip4j-1.3.2.jar:/Users/rasulm/.m2/repository/org/codehaus/plexus/plexus-utils/3.0.24/plexus-utils-3.0.24.jar:/Users/rasulm/.m2/repository/org/jsoup/jsoup/1.9.2/jsoup-1.9.2.jar:/Users/rasulm/.m2/repository/info/cukes/cucumber-picocontainer/1.2.4/cucumber-picocontainer-1.2.4.jar:/Users/rasulm/.m2/repository/org/picocontainer/picocontainer/2.15/picocontainer-2.15.jar:/Users/rasulm/.m2/repository/com/pubnub/pubnub/3.7.10/pubnub-3.7.10.jar:/Users/rasulm/.m2/repository/com/smartbear/soapui/soapui/5.1.2/soapui-5.1.2.jar:/Users/rasulm/.m2/repository/xmlbeans/xbean/fixed-2.4.0/xbean-fixed-2.4.0.jar:/Users/rasulm/.m2/repository/xmlbeans/xbean_xpath/2.4.0/xbean_xpath-2.4.0.jar:/Users/rasulm/.m2/repository/xmlbeans/xmlpublic/2.4.0/xmlpublic-2.4.0.jar:/Users/rasulm/.m2/repository/javax/xml/bind/jsr173_api/1.0/jsr173_api-1.0.jar:/Users/rasulm/.m2/repository/commons-collections/commons-collections/3.2.1/commons-collections-3.2.1.jar:/Users/rasulm/.m2/repository/commons-logging/commons-logging/1.1.1/commons-logging-1.1.1.jar:/Users/rasulm/.m2/repository/com/smartbear/utils/analytics/analytics-core/5.1.0/analytics-core-5.1.0.jar:/Users/rasulm/.m2/repository/com/smartbear/utils/analytics/out-app-analytics-provider/5.1.0/out-app-analytics-provider-5.1.0.jar:/Users/rasulm/.m2/repository/com/jgoodies/looks/2.2.0/looks-2.2.0.jar:/Users/rasulm/.m2/repository/com/fifesoft/rsyntaxtextarea/2.5.0/rsyntaxtextarea-2.5.0.jar:/Users/rasulm/.m2/repository/jetty/jetty/6.1.26/jetty-6.1.26.jar:/Users/rasulm/.m2/repository/jetty/jetty-util/6.1.26/jetty-util-6.1.26.jar:/Users/rasulm/.m2/repository/jetty/servlet-api/2.5-20081211/servlet-api-2.5-20081211.jar:/Users/rasulm/.m2/repository/org/apache/ws/security/wss4j/1.6.14/wss4j-1.6.14.jar:/Users/rasulm/.m2/repository/org/opensaml/opensaml/2.5.1-1/opensaml-2.5.1-1.jar:/Users/rasulm/.m2/repository/org/opensaml/openws/1.4.2-1/openws-1.4.2-1.jar:/Users/rasulm/.m2/repository/org/opensaml/xmltooling/1.3.2-1/xmltooling-1.3.2-1.jar:/Users/rasulm/.m2/repository/net/sourceforge/htmlunit/htmlunit/2.7/htmlunit-2.7.jar:/Users/rasulm/.m2/repository/xerces/xercesImpl/2.9.1/xercesImpl-2.9.1.jar:/Users/rasulm/.m2/repository/net/sourceforge/htmlunit/htmlunit-core-js/2.7/htmlunit-core-js-2.7.jar:/Users/rasulm/.m2/repository/org/apache/httpcomponents/httpmime/4.1.1/httpmime-4.1.1.jar:/Users/rasulm/.m2/repository/org/apache/httpcomponents/httpclient-cache/4.1.1/httpclient-cache-4.1.1.jar:/Users/rasulm/.m2/repository/org/apache/httpcomponents/httpcore-nio/4.1.1/httpcore-nio-4.1.1.jar:/Users/rasulm/.m2/repository/org/apache/oltu/oauth2/org.apache.oltu.oauth2.client/0.31/org.apache.oltu.oauth2.client-0.31.jar:/Users/rasulm/.m2/repository/org/apache/oltu/oauth2/org.apache.oltu.oauth2.common/0.31/org.apache.oltu.oauth2.common-0.31.jar:/Users/rasulm/.m2/repository/org/codehaus/jettison/jettison/1.2/jettison-1.2.jar:/Users/rasulm/.m2/repository/org/apache/oltu/oauth2/org.apache.oltu.oauth2.httpclient4/0.31/org.apache.oltu.oauth2.httpclient4-0.31.jar:/Users/rasulm/.m2/repository/org/apache/maven/maven-plugin-api/2.0/maven-plugin-api-2.0.jar:/Users/rasulm/.m2/repository/commons-ssl/not-yet-commons-ssl/0.3.11/not-yet-commons-ssl-0.3.11.jar:/Users/rasulm/.m2/repository/json/json-lib/2.2.2-jdk15/json-lib-2.2.2-jdk15.jar:/Users/rasulm/.m2/repository/ezmorph/ezmorph/1.0.5/ezmorph-1.0.5.jar:/Users/rasulm/.m2/repository/xom/xom/1.1/xom-1.1.jar:/Users/rasulm/.m2/repository/xerces/xmlParserAPIs/2.6.2/xmlParserAPIs-2.6.2.jar:/Users/rasulm/.m2/repository/jaxen/jaxen/1.1-beta-8/jaxen-1.1-beta-8.jar:/Users/rasulm/.m2/repository/jdom/jdom/1.0/jdom-1.0.jar:/Users/rasulm/.m2/repository/swingx/swingx/soapui/swingx-soapui.jar:/Users/rasulm/.m2/repository/org/codehaus/groovy/groovy-all/2.1.7/groovy-all-2.1.7.jar:/Users/rasulm/.m2/repository/rhino/js/1.7R2/js-1.7R2.jar:/Users/rasulm/.m2/repository/saxon/saxon/9.1.0.8j/saxon-9.1.0.8j.jar:/Users/rasulm/.m2/repository/saxon/saxon-dom/9.1.0.8j/saxon-dom-9.1.0.8j.jar:/Users/rasulm/.m2/repository/xmlunit/xmlunit/1.2/xmlunit-1.2.jar:/Users/rasulm/.m2/repository/xalan/xalan/2.7.1/xalan-2.7.1.jar:/Users/rasulm/.m2/repository/bouncycastle/bcprov-jdk15/144/bcprov-jdk15-144.jar:/Users/rasulm/.m2/repository/jtidy/jtidy/r872-jdk15/jtidy-r872-jdk15.jar:/Users/rasulm/.m2/repository/javax/jms/jms/1.1/jms-1.1.jar:/Users/rasulm/.m2/repository/hermesjms/hermes/1.14/hermes-1.14.jar:/Users/rasulm/.m2/repository/amf/flex-messaging-common/1.0/flex-messaging-common-1.0.jar:/Users/rasulm/.m2/repository/amf/flex-messaging-core/1.0/flex-messaging-core-1.0.jar:/Users/rasulm/.m2/repository/amf/flex-messaging-opt/1.0/flex-messaging-opt-1.0.jar:/Users/rasulm/.m2/repository/amf/flex-messaging-proxy/1.0/flex-messaging-proxy-1.0.jar:/Users/rasulm/.m2/repository/amf/flex-messaging-remoting/1.0/flex-messaging-remoting-1.0.jar:/Users/rasulm/.m2/repository/thoughtworks/xstream/1.3.1/xstream-1.3.1.jar:/Users/rasulm/.m2/repository/net/sourceforge/cssparser/cssparser/0.9.5/cssparser-0.9.5.jar:/Users/rasulm/.m2/repository/net/sourceforge/nekohtml/nekohtml/1.9.14/nekohtml-1.9.14.jar:/Users/rasulm/.m2/repository/org/samba/jcifs/jcifs/1.2.9/jcifs-1.2.9.jar:/Users/rasulm/.m2/repository/l2fprod/l2fprod-common-directorychooser/7.3/l2fprod-common-directorychooser-7.3.jar:/Users/rasulm/.m2/repository/l2fprod/l2fprod-common-fontchooser/7.3/l2fprod-common-fontchooser-7.3.jar:/Users/rasulm/.m2/repository/org/apache/santuario/xmlsec/1.4.5/xmlsec-1.4.5.jar:/Users/rasulm/.m2/repository/org/apache/xerces/xml-apis/2.9.1/xml-apis-2.9.1.jar:/Users/rasulm/.m2/repository/xalan/serializer/2.7.1/serializer-2.7.1.jar:/Users/rasulm/.m2/repository/gnu/cajo/cajo/1.142/cajo-1.142.jar:/Users/rasulm/.m2/repository/org/apache/ws/commons/util/ws-commons-util/1.0.2/ws-commons-util-1.0.2.jar:/Users/rasulm/.m2/repository/com/btr/proxy-vole/20131209/proxy-vole-20131209.jar:/Users/rasulm/.m2/repository/org/testng/testng/6.9.10/testng-6.9.10.jar:/Users/rasulm/.m2/repository/com/beust/jcommander/1.48/jcommander-1.48.jar:/Users/rasulm/.m2/repository/com/smartbear/soapui/soapui-pro/5.1.2/soapui-pro-5.1.2.jar:/Users/rasulm/.m2/repository/opencsv/opencsv/1.8/opencsv-1.8.jar:/Users/rasulm/.m2/repository/com/google/code/findbugs/annotations/2.0.0/annotations-2.0.0.jar:/Users/rasulm/.m2/repository/com/google/code/findbugs/jsr305/2.0.0/jsr305-2.0.0.jar:/Users/rasulm/.m2/repository/jasperreports/jasperreports/4.0.2/jasperreports-4.0.2.jar:/Users/rasulm/.m2/repository/commons-digester/commons-digester/1.7/commons-digester-1.7.jar:/Users/rasulm/.m2/repository/com/lowagie/itext/2.1.7/itext-2.1.7.jar:/Users/rasulm/.m2/repository/bouncycastle/bcmail-jdk14/138/bcmail-jdk14-138.jar:/Users/rasulm/.m2/repository/bouncycastle/bcprov-jdk14/138/bcprov-jdk14-138.jar:/Users/rasulm/.m2/repository/org/bouncycastle/bctsp-jdk14/1.38/bctsp-jdk14-1.38.jar:/Users/rasulm/.m2/repository/org/bouncycastle/bcprov-jdk14/1.38/bcprov-jdk14-1.38.jar:/Users/rasulm/.m2/repository/org/bouncycastle/bcmail-jdk14/1.38/bcmail-jdk14-1.38.jar:/Users/rasulm/.m2/repository/jfree/jfreechart/1.0.12/jfreechart-1.0.12.jar:/Users/rasulm/.m2/repository/xml-apis/xml-apis/1.3.02/xml-apis-1.3.02.jar:/Users/rasulm/.m2/repository/eclipse/jdtcore/3.1.0/jdtcore-3.1.0.jar:/Users/rasulm/.m2/repository/net-components/netcomponents/1.3.8a/netcomponents-1.3.8a.jar:/Users/rasulm/.m2/repository/idw/idw/1.6.1/idw-1.6.1.jar:/Users/rasulm/.m2/repository/net/sourceforge/jexcelapi/jxl/2.6.12/jxl-2.6.12.jar:/Users/rasulm/.m2/repository/org/json/json/20160810/json-20160810.jar:/Users/rasulm/.m2/repository/com/sendgrid/sendgrid-java/3.1.0/sendgrid-java-3.1.0.jar:/Users/rasulm/.m2/repository/com/sendgrid/java-http-client/2.3.4/java-http-client-2.3.4.jar:/Users/rasulm/.m2/repository/com/fasterxml/jackson/core/jackson-core/2.5.3/jackson-core-2.5.3.jar:/Users/rasulm/.m2/repository/com/googlecode/json-simple/json-simple/1.1.1/json-simple-1.1.1.jar:/Users/rasulm/.m2/repository/commons-io/commons-io/2.4/commons-io-2.4.jar:/Users/rasulm/.m2/repository/org/jsoup/jsoup/1.8.3/jsoup-1.8.3.jar:/Users/rasulm/.m2/repository/net/bican/jwordpress/0.6.5/jwordpress-0.6.5.jar:/Users/rasulm/.m2/repository/redstone/xmlrpc/xmlrpc/1.1.1/xmlrpc-1.1.1.jar:/Users/rasulm/.m2/repository/com/twilio/sdk/twilio-java-sdk/7.0.0-rc-10/twilio-java-sdk-7.0.0-rc-10.jar:/Users/rasulm/.m2/repository/joda-time/joda-time/2.5/joda-time-2.5.jar:/Users/rasulm/.m2/repository/io/jsonwebtoken/jjwt/0.4/jjwt-0.4.jar:/Users/rasulm/.m2/repository/com/ning/async-http-client/1.8.14/async-http-client-1.8.14.jar:/Users/rasulm/.m2/repository/javax/xml/bind/jaxb-api/2.2/jaxb-api-2.2.jar:/Users/rasulm/.m2/repository/com/atlassian/jira/jira-rest-java-client-core/2.0.0-m30/jira-rest-java-client-core-2.0.0-m30.jar:/Users/rasulm/.m2/repository/com/atlassian/jira/jira-rest-java-client-api/2.0.0-m30/jira-rest-java-client-api-2.0.0-m30.jar:/Users/rasulm/.m2/repository/com/atlassian/httpclient/atlassian-httpclient-api/0.13.2/atlassian-httpclient-api-0.13.2.jar:/Users/rasulm/.m2/repository/com/atlassian/httpclient/atlassian-httpclient-spi/0.13.2/atlassian-httpclient-spi-0.13.2.jar:/Users/rasulm/.m2/repository/com/sun/jersey/jersey-client/1.5/jersey-client-1.5.jar:/Users/rasulm/.m2/repository/com/sun/jersey/jersey-core/1.5/jersey-core-1.5.jar:/Users/rasulm/.m2/repository/com/sun/jersey/jersey-json/1.5/jersey-json-1.5.jar:/Users/rasulm/.m2/repository/com/sun/xml/bind/jaxb-impl/2.2.3/jaxb-impl-2.2.3.jar:/Users/rasulm/.m2/repository/org/codehaus/jackson/jackson-jaxrs/1.5.5/jackson-jaxrs-1.5.5.jar:/Users/rasulm/.m2/repository/org/codehaus/jackson/jackson-xc/1.5.5/jackson-xc-1.5.5.jar:/Users/rasulm/.m2/repository/com/atlassian/httpclient/atlassian-httpclient-apache-httpcomponents/0.13.2/atlassian-httpclient-apache-httpcomponents-0.13.2.jar:/Users/rasulm/.m2/repository/com/atlassian/sal/sal-api/2.7.0/sal-api-2.7.0.jar:/Users/rasulm/.m2/repository/com/atlassian/event/atlassian-event/2.2.0/atlassian-event-2.2.0.jar:/Users/rasulm/.m2/repository/org/apache/httpcomponents/httpasyncclient-cache/4.0-beta3-atlassian-1/httpasyncclient-cache-4.0-beta3-atlassian-1.jar:/Users/rasulm/.m2/repository/org/apache/httpcomponents/httpasyncclient/4.0-beta3-atlassian-1/httpasyncclient-4.0-beta3-atlassian-1.jar:/Users/rasulm/.m2/repository/org/springframework/spring-context/2.5.6/spring-context-2.5.6.jar:/Users/rasulm/.m2/repository/aopalliance/aopalliance/1.0/aopalliance-1.0.jar:/Users/rasulm/.m2/repository/org/springframework/spring-beans/2.5.6/spring-beans-2.5.6.jar:/Users/rasulm/.m2/repository/org/springframework/spring-core/2.5.6/spring-core-2.5.6.jar:/Users/rasulm/.m2/repository/com/atlassian/util/concurrent/atlassian-util-concurrent/2.4.0-M9/atlassian-util-concurrent-2.4.0-M9.jar:/Users/rasulm/.m2/repository/com/google/guava/guava/14.0.1/guava-14.0.1.jar:/Users/rasulm/.m2/repository/commons-configuration/commons-configuration/1.10/commons-configuration-1.10.jar:/Users/rasulm/.m2/repository/com/fasterxml/jackson/core/jackson-annotations/2.7.2/jackson-annotations-2.7.2.jar:/Users/rasulm/.m2/repository/com/fasterxml/jackson/core/jackson-databind/2.7.2/jackson-databind-2.7.2.jar:/Users/rasulm/.m2/repository/com/atlassian/connect/ac-play-java_2.10/0.10.1/ac-play-java_2.10-0.10.1.jar:/Users/rasulm/.m2/repository/com/atlassian/fugue/fugue/1.1/fugue-1.1.jar:/Users/rasulm/.m2/repository/net/oauth/core/oauth/20090617/oauth-20090617.jar:/Users/rasulm/.m2/repository/com/atlassian/jwt/jwt-api/1.0.1/jwt-api-1.0.1.jar:/Users/rasulm/.m2/repository/com/atlassian/jwt/jwt-core/1.0.1/jwt-core-1.0.1.jar:/Users/rasulm/.m2/repository/com/nimbusds/nimbus-jose-jwt/2.16/nimbus-jose-jwt-2.16.jar:/Users/rasulm/.m2/repository/net/jcip/jcip-annotations/1.0/jcip-annotations-1.0.jar:/Users/rasulm/.m2/repository/org/bouncycastle/bcprov-jdk15on/1.47/bcprov-jdk15on-1.47.jar:/Users/rasulm/.m2/repository/org/slf4j/slf4j-api/1.7.19/slf4j-api-1.7.19.jar:/Users/rasulm/.m2/repository/org/slf4j/slf4j-jdk14/1.7.19/slf4j-jdk14-1.7.19.jar:/Users/rasulm/.m2/repository/org/apache/poi/poi/3.6/poi-3.6.jar:/Users/rasulm/.m2/repository/org/apache/poi/poi-ooxml/3.6/poi-ooxml-3.6.jar:/Users/rasulm/.m2/repository/org/apache/poi/poi-ooxml-schemas/3.6/poi-ooxml-schemas-3.6.jar:/Users/rasulm/.m2/repository/org/apache/geronimo/specs/geronimo-stax-api_1.0_spec/1.0/geronimo-stax-api_1.0_spec-1.0.jar:/Users/rasulm/.m2/repository/dom4j/dom4j/1.1/dom4j-1.1.jar:/Users/rasulm/.m2/repository/org/apache/xmlbeans/xmlbeans/2.3.0/xmlbeans-2.3.0.jar:/Users/rasulm/.m2/repository/com/relevantcodes/extentreports/2.40.1/extentreports-2.40.1.jar:/Users/rasulm/.m2/repository/org/xerial/sqlite-jdbc/3.8.11.1/sqlite-jdbc-3.8.11.1.jar:/Users/rasulm/.m2/repository/org/freemarker/freemarker/2.3.23/freemarker-2.3.23.jar"/><property name="user.name" value="rasulm"/><property name="java.vm.specification.version" value="1.8"/><property name="sun.java.command" value="org.testng.remote.RemoteTestNG -serport 54109 -protocol json -d /Users/rasulm/git/EventEngineAutomatedTesting/test-output /var/folders/yg/kcg_3qhs3172474895phrgg4qr2ryx/T/testng-eclipse--1695527867/testng-customsuite.xml"/><property name="java.home" value="/Library/Java/JavaVirtualMachines/jdk1.8.0_121.jdk/Contents/Home/jre"/><property name="sun.arch.data.model" value="64"/><property name="user.language" value="en"/><property name="java.specification.vendor" value="Oracle Corporation"/><property name="awt.toolkit" value="sun.lwawt.macosx.LWCToolkit"/><property name="soapui.log4j.config" value="./src/main/resources/soapui-log4j.xml"/><property name="java.vm.info" value="mixed mode"/><property name="java.version" value="1.8.0_121"/><property name="java.ext.dirs" value="/Users/rasulm/Library/Java/Extensions:/Library/Java/JavaVirtualMachines/jdk1.8.0_121.jdk/Contents/Home/jre/lib/ext:/Library/Java/Extensions:/Network/Library/Java/Extensions:/System/Library/Java/Extensions:/usr/lib/java"/><property name="sun.boot.class.path" value="/Library/Java/JavaVirtualMachines/jdk1.8.0_121.jdk/Contents/Home/jre/lib/resources.jar:/Library/Java/JavaVirtualMachines/jdk1.8.0_121.jdk/Contents/Home/jre/lib/rt.jar:/Library/Java/JavaVirtualMachines/jdk1.8.0_121.jdk/Contents/Home/jre/lib/sunrsasign.jar:/Library/Java/JavaVirtualMachines/jdk1.8.0_121.jdk/Contents/Home/jre/lib/jsse.jar:/Library/Java/JavaVirtualMachines/jdk1.8.0_121.jdk/Contents/Home/jre/lib/jce.jar:/Library/Java/JavaVirtualMachines/jdk1.8.0_121.jdk/Contents/Home/jre/lib/charsets.jar:/Library/Java/JavaVirtualMachines/jdk1.8.0_121.jdk/Contents/Home/jre/lib/jfr.jar:/Library/Java/JavaVirtualMachines/jdk1.8.0_121.jdk/Contents/Home/jre/classes"/><property name="java.vendor" value="Oracle Corporation"/><property name="file.separator" value="/"/><property name="java.vendor.url.bug" value="http://bugreport.sun.com/bugreport/"/><property name="sun.font.fontmanager" value="sun.font.CFontManager"/><property name="sun.io.unicode.encoding" value="UnicodeBig"/><property name="sun.cpu.endian" value="little"/><property name="socksNonProxyHosts" value="local|*.local|169.254/16|*.169.254/16"/><property name="ftp.nonProxyHosts" value="local|*.local|169.254/16|*.169.254/16"/><property name="sun.cpu.isalist" value=""/></properties><testcase name="Dates - NEGATIVE" time="1.72"/></testsuite>