<?xml version="1.0" encoding="UTF-8"?>
<!-- Generated by org.testng.reporters.JUnitReportReporter -->
<testsuite hostname="sean-it.thegarden.com" name="com.msg.qa.tests.MSGAPI.EventEngine.EventEngineAPIRegressionTestSuite" tests="10" failures="0" timestamp="30 Aug 2017 15:33:29 GMT" time="174.904" errors="0">
  <testcase name="MSGEEAPI000All" time="32.452" classname="com.msg.qa.tests.MSGAPI.EventEngine.EventEngineAPIRegressionTestSuite"/>
  <testcase name="MSGEEAPI007DatesPositive" time="19.063" classname="com.msg.qa.tests.MSGAPI.EventEngine.EventEngineAPIRegressionTestSuite"/>
  <testcase name="MSGEEAPI004ArtistsPositive" time="20.372" classname="com.msg.qa.tests.MSGAPI.EventEngine.EventEngineAPIRegressionTestSuite"/>
  <testcase name="MSGEEAPI001VenuesPositive" time="14.549" classname="com.msg.qa.tests.MSGAPI.EventEngine.EventEngineAPIRegressionTestSuite"/>
  <testcase name="MSGEEAPI006ArtistsNegative" time="8.120" classname="com.msg.qa.tests.MSGAPI.EventEngine.EventEngineAPIRegressionTestSuite"/>
  <testcase name="MSGEEAPI002VenuesEdge" time="10.833" classname="com.msg.qa.tests.MSGAPI.EventEngine.EventEngineAPIRegressionTestSuite"/>
  <testcase name="MSGEEAPI009DatesNegative" time="21.874" classname="com.msg.qa.tests.MSGAPI.EventEngine.EventEngineAPIRegressionTestSuite"/>
  <testcase name="MSGEEAPI003VenuesNegative" time="12.003" classname="com.msg.qa.tests.MSGAPI.EventEngine.EventEngineAPIRegressionTestSuite"/>
  <testcase name="MSGEEAPI005ArtistsEdge" time="14.045" classname="com.msg.qa.tests.MSGAPI.EventEngine.EventEngineAPIRegressionTestSuite"/>
  <testcase name="MSGEEAPI008DatesEdge" time="21.593" classname="com.msg.qa.tests.MSGAPI.EventEngine.EventEngineAPIRegressionTestSuite"/>
</testsuite> <!-- com.msg.qa.tests.MSGAPI.EventEngine.EventEngineAPIRegressionTestSuite -->
